  animals.cpp
  AppDelegate.cpp
  Axe.cpp
  Carrot.cpp
  Dialog.cpp
  explore.cpp
  FarmProduct.cpp
  Fertilizer.cpp
  Fishing.cpp
  GameScene.cpp
  Gloves.cpp
  HelloWorldScene.cpp
  Kettle.cpp
  MainCharacter.cpp
  Mineral.cpp
  NPC.cpp
C:\Users\10068\Desktop\New6\Stardrew-Valley\Classes\Seedstwo.h(9,1): warning C4005: “RawPlantID”: 宏重定义
  (编译源文件“../Classes/AppDelegate.cpp”)
  C:\Users\10068\Desktop\New6\Stardrew-Valley\Classes\Seeds.h(10,1):
  参见“RawPlantID”的前一个定义
  
C:\Users\10068\Desktop\New6\Stardrew-Valley\Classes\Kettle.h(17,1): warning C4005: “MatureTime”: 宏重定义
  (编译源文件“../Classes/AppDelegate.cpp”)
  C:\Users\10068\Desktop\New6\Stardrew-Valley\Classes\Seeds.h(12,1):
  参见“MatureTime”的前一个定义
  
C:\Users\10068\Desktop\New6\Stardrew-Valley\Classes\Fishing.cpp(19,32): warning C4305: “参数”: 从“double”到“float”截断
C:\Users\10068\Desktop\New6\Stardrew-Valley\Classes\Seedstwo.h(9,1): warning C4005: “RawPlantID”: 宏重定义
  (编译源文件“../Classes/GameScene.cpp”)
  C:\Users\10068\Desktop\New6\Stardrew-Valley\Classes\Seeds.h(10,1):
  参见“RawPlantID”的前一个定义
  
C:\Users\10068\Desktop\New6\Stardrew-Valley\Classes\Kettle.h(17,1): warning C4005: “MatureTime”: 宏重定义
  (编译源文件“../Classes/GameScene.cpp”)
  C:\Users\10068\Desktop\New6\Stardrew-Valley\Classes\Seeds.h(12,1):
  参见“MatureTime”的前一个定义
  
C:\Users\10068\Desktop\New6\Stardrew-Valley\Classes\Seedstwo.h(9,1): warning C4005: “RawPlantID”: 宏重定义
  (编译源文件“../Classes/HelloWorldScene.cpp”)
  C:\Users\10068\Desktop\New6\Stardrew-Valley\Classes\Seeds.h(10,1):
  参见“RawPlantID”的前一个定义
  
C:\Users\10068\Desktop\New6\Stardrew-Valley\Classes\Kettle.h(17,1): warning C4005: “MatureTime”: 宏重定义
  (编译源文件“../Classes/HelloWorldScene.cpp”)
  C:\Users\10068\Desktop\New6\Stardrew-Valley\Classes\Seeds.h(12,1):
  参见“MatureTime”的前一个定义
  
C:\Users\10068\Desktop\New6\Stardrew-Valley\Classes\HelloWorldScene.cpp(65,26): warning C4305: “参数”: 从“double”到“float”截断
C:\Users\10068\Desktop\New6\Stardrew-Valley\Classes\NPC.cpp(125,23): warning C4018: “<”: 有符号/无符号不匹配
C:\Users\10068\Desktop\New6\Stardrew-Valley\Classes\Seedstwo.h(9,1): warning C4005: “RawPlantID”: 宏重定义
  (编译源文件“../Classes/MainCharacter.cpp”)
  C:\Users\10068\Desktop\New6\Stardrew-Valley\Classes\Seeds.h(10,1):
  参见“RawPlantID”的前一个定义
  
C:\Users\10068\Desktop\New6\Stardrew-Valley\Classes\Kettle.h(17,1): warning C4005: “MatureTime”: 宏重定义
  (编译源文件“../Classes/MainCharacter.cpp”)
  C:\Users\10068\Desktop\New6\Stardrew-Valley\Classes\Seeds.h(12,1):
  参见“MatureTime”的前一个定义
  
C:\Users\10068\Desktop\New6\Stardrew-Valley\Classes\MainCharacter.cpp(48,69): warning C4305: “参数”: 从“double”到“float”截断
  Pickaxe.cpp
  Seeds.cpp
  Seedstwo.cpp
  Store.cpp
  Task.cpp
  Tools.cpp
  Wheat.cpp
  Wood.cpp
  global.cpp
  main.cpp
  PhysicalWorld.cpp
C:\Users\10068\Desktop\New6\Stardrew-Valley\Classes\Store.cpp(62,34): warning C4305: “参数”: 从“double”到“float”截断
C:\Users\10068\Desktop\New6\Stardrew-Valley\Classes\Store.cpp(263,22): warning C4305: “参数”: 从“double”到“float”截断
C:\Users\10068\Desktop\New6\Stardrew-Valley\Classes\Store.cpp(285,22): warning C4305: “参数”: 从“double”到“float”截断
C:\Users\10068\Desktop\New6\Stardrew-Valley\Classes\Task.cpp(6,20): warning C4018: “<”: 有符号/无符号不匹配
C:\Users\10068\Desktop\New6\Stardrew-Valley\Classes\Task.cpp(18,20): warning C4018: “<”: 有符号/无符号不匹配
C:\Users\10068\Desktop\New6\Stardrew-Valley\Classes\Task.cpp(28,20): warning C4018: “<”: 有符号/无符号不匹配
animals.obj : warning LNK4075: 忽略“/EDITANDCONTINUE”(由于“/SAFESEH”规范)
    正在创建库 C:\Users\10068\Desktop\New6\Stardrew-Valley\proj.win32\Debug.win32\StarValley.lib 和对象 C:\Users\10068\Desktop\New6\Stardrew-Valley\proj.win32\Debug.win32\StarValley.exp
  StarValley.vcxproj -> C:\Users\10068\Desktop\New6\Stardrew-Valley\proj.win32\Debug.win32\StarValley.exe
  正在执行自定义生成步骤
  复制了 0 个文件
