c:\users\10068\desktop\recent study\sophomore first\programming paradigms\star-valley\proj.win32\debug.win32\main.obj
c:\users\10068\desktop\recent study\sophomore first\programming paradigms\star-valley\proj.win32\debug.win32\appdelegate.obj
c:\users\10068\desktop\recent study\sophomore first\programming paradigms\star-valley\proj.win32\debug.win32\helloworldscene.obj
c:\users\10068\desktop\recent study\sophomore first\programming paradigms\star-valley\proj.win32\debug.win32\vc143.pdb
c:\users\10068\desktop\recent study\sophomore first\programming paradigms\star-valley\proj.win32\starvalley.cab
c:\users\10068\desktop\recent study\sophomore first\programming paradigms\star-valley\proj.win32\debug.win32\starvalley.exe
c:\users\10068\desktop\recent study\sophomore first\programming paradigms\star-valley\proj.win32\debug.win32\starvalley.pdb
c:\users\10068\desktop\recent study\sophomore first\programming paradigms\star-valley\proj.win32\debug.win32\starvalley.lib
c:\users\10068\desktop\recent study\sophomore first\programming paradigms\star-valley\proj.win32\debug.win32\starvalley.exp
c:\users\10068\desktop\recent study\sophomore first\programming paradigms\star-valley\proj.win32\debug.win32\starvalley.ilk
c:\users\10068\desktop\recent study\sophomore first\programming paradigms\star-valley\proj.win32\debug.win32\out.obj
c:\users\10068\desktop\recent study\sophomore first\programming paradigms\star-valley\proj.win32\debug.win32\mygame.ilk
c:\users\10068\desktop\recent study\sophomore first\programming paradigms\star-valley\proj.win32\debug.win32\game.res
c:\users\10068\desktop\recent study\sophomore first\programming paradigms\star-valley\proj.win32\debug.win32\libcocos2d.exp
c:\users\10068\desktop\recent study\sophomore first\programming paradigms\star-valley\proj.win32\debug.win32\mygame.exp
c:\users\10068\desktop\recent study\sophomore first\programming paradigms\star-valley\proj.win32\debug.win32\libspine.idb
c:\users\10068\desktop\recent study\sophomore first\programming paradigms\star-valley\proj.win32\debug.win32\vc143.idb
c:\users\10068\desktop\recent study\sophomore first\programming paradigms\star-valley\proj.win32\debug.win32\libcocos2d.pdb
c:\users\10068\desktop\recent study\sophomore first\programming paradigms\star-valley\proj.win32\debug.win32\librecast.pdb
c:\users\10068\desktop\recent study\sophomore first\programming paradigms\star-valley\proj.win32\debug.win32\libspine.pdb
c:\users\10068\desktop\recent study\sophomore first\programming paradigms\star-valley\proj.win32\debug.win32\mygame.pdb
c:\users\10068\desktop\recent study\sophomore first\programming paradigms\star-valley\proj.win32\debug.win32\starvalley.tlog\cl.15260.write.1.tlog
c:\users\10068\desktop\recent study\sophomore first\programming paradigms\star-valley\proj.win32\debug.win32\starvalley.tlog\cl.command.1.tlog
c:\users\10068\desktop\recent study\sophomore first\programming paradigms\star-valley\proj.win32\debug.win32\starvalley.tlog\cl.items.tlog
c:\users\10068\desktop\recent study\sophomore first\programming paradigms\star-valley\proj.win32\debug.win32\starvalley.tlog\cl.read.1.tlog
c:\users\10068\desktop\recent study\sophomore first\programming paradigms\star-valley\proj.win32\debug.win32\starvalley.tlog\custombuildstep.read.1u.tlog
c:\users\10068\desktop\recent study\sophomore first\programming paradigms\star-valley\proj.win32\debug.win32\starvalley.tlog\custombuildstep.write.1u.tlog
c:\users\10068\desktop\recent study\sophomore first\programming paradigms\star-valley\proj.win32\debug.win32\starvalley.tlog\link.command.1.tlog
c:\users\10068\desktop\recent study\sophomore first\programming paradigms\star-valley\proj.win32\debug.win32\starvalley.tlog\link.read.1.tlog
c:\users\10068\desktop\recent study\sophomore first\programming paradigms\star-valley\proj.win32\debug.win32\starvalley.tlog\link.secondary.1.tlog
c:\users\10068\desktop\recent study\sophomore first\programming paradigms\star-valley\proj.win32\debug.win32\starvalley.tlog\link.write.1.tlog
